<?xml version="1.0" encoding="UTF-8"?>
<!-- Generated by org.testng.reporters.JUnitReportReporter -->
<testsuite hostname="LAPTOP-K0FI96QS" failures="0" tests="1" name="TestCases.TC_002_AccountLogin" time="4.952" errors="0" timestamp="2025-09-02T12:56:23 IST" skipped="0">
  <testcase classname="TestCases.TC_002_AccountLogin" name="verifylogin" time="4.952"/>
</testsuite> <!-- TestCases.TC_002_AccountLogin -->
