<?xml version="1.0" encoding="UTF-8"?>
<!-- Generated by org.testng.reporters.JUnitReportReporter -->
<testsuite hostname="LAPTOP-K0FI96QS" failures="0" tests="1" name="TestCases.TC_001_AccountRegistration" time="10.047" errors="0" timestamp="2025-09-02T14:34:40 IST" skipped="0">
  <testcase classname="TestCases.TC_001_AccountRegistration" name="verifyaccountregistration" time="10.047"/>
</testsuite> <!-- TestCases.TC_001_AccountRegistration -->
