<?xml version="1.0" encoding="UTF-8"?>
<!-- Generated by org.testng.reporters.JUnitReportReporter -->
<testsuite hostname="LAPTOP-K0FI96QS" failures="0" tests="4" name="TestCases.TC_002_AccountLogin" time="30.397" errors="0" timestamp="2025-09-02T14:34:40 IST" skipped="0">
  <testcase classname="TestCases.TC_002_AccountLogin" name="verifylogin" time="8.462"/>
  <testcase classname="TestCases.TC_002_AccountLogin" name="verifylogin" time="7.351"/>
  <testcase classname="TestCases.TC_002_AccountLogin" name="verifylogin" time="6.135"/>
  <testcase classname="TestCases.TC_002_AccountLogin" name="verifylogin" time="8.449"/>
</testsuite> <!-- TestCases.TC_002_AccountLogin -->
